0 info it worked if it ends with ok
1 verbose cli [ '/usr/bin/node', '/usr/bin/npm', 'start' ]
2 info using npm@3.8.3
3 info using node@v5.10.1
4 verbose run-script [ 'prestart', 'start', 'poststart' ]
5 info lifecycle weixin-robot-example@0.0.5~prestart: weixin-robot-example@0.0.5
6 silly lifecycle weixin-robot-example@0.0.5~prestart: no script for prestart, continuing
7 info lifecycle weixin-robot-example@0.0.5~start: weixin-robot-example@0.0.5
8 verbose lifecycle weixin-robot-example@0.0.5~start: unsafe-perm in lifecycle true
9 verbose lifecycle weixin-robot-example@0.0.5~start: PATH: /usr/lib64/node_modules/npm/bin/node-gyp-bin:/home/rothsdad/Projects/webot-pku/node_modules/.bin:/usr/bin:/usr/local/bin:/usr/bin:/bin:/opt/bin:/usr/x86_64-pc-linux-gnu/gcc-bin/5.3.0:/home/rothsdad/Scripts:/home/rothsdad/Scripts
10 verbose lifecycle weixin-robot-example@0.0.5~start: CWD: /home/rothsdad/Projects/webot-pku
11 silly lifecycle weixin-robot-example@0.0.5~start: Args: [ '-c', 'node app.js' ]
12 silly lifecycle weixin-robot-example@0.0.5~start: Returned: code: 1  signal: null
13 info lifecycle weixin-robot-example@0.0.5~start: Failed to exec start script
14 verbose stack Error: weixin-robot-example@0.0.5 start: `node app.js`
14 verbose stack Exit status 1
14 verbose stack     at EventEmitter.<anonymous> (/usr/lib64/node_modules/npm/lib/utils/lifecycle.js:239:16)
14 verbose stack     at emitTwo (events.js:100:13)
14 verbose stack     at EventEmitter.emit (events.js:185:7)
14 verbose stack     at ChildProcess.<anonymous> (/usr/lib64/node_modules/npm/lib/utils/spawn.js:24:14)
14 verbose stack     at emitTwo (events.js:100:13)
14 verbose stack     at ChildProcess.emit (events.js:185:7)
14 verbose stack     at maybeClose (internal/child_process.js:850:16)
14 verbose stack     at Process.ChildProcess._handle.onexit (internal/child_process.js:215:5)
15 verbose pkgid weixin-robot-example@0.0.5
16 verbose cwd /home/rothsdad/Projects/webot-pku
17 error Linux 4.6.0-gentoo
18 error argv "/usr/bin/node" "/usr/bin/npm" "start"
19 error node v5.10.1
20 error npm  v3.8.3
21 error code ELIFECYCLE
22 error weixin-robot-example@0.0.5 start: `node app.js`
22 error Exit status 1
23 error Failed at the weixin-robot-example@0.0.5 start script 'node app.js'.
23 error Make sure you have the latest version of node.js and npm installed.
23 error If you do, this is most likely a problem with the weixin-robot-example package,
23 error not with npm itself.
23 error Tell the author that this fails on your system:
23 error     node app.js
23 error You can get information on how to open an issue for this project with:
23 error     npm bugs weixin-robot-example
23 error Or if that isn't available, you can get their info via:
23 error     npm owner ls weixin-robot-example
23 error There is likely additional logging output above.
24 verbose exit [ 1, true ]
